Terminaux inutilisés dans la grammaire

   FOR


Grammaire

    0 $accept: Input $end

    1 Input: %empty
    2      | Input Line

    3 Line: SEMICOLON
    4     | BlocFonction
    5     | AppelFonction
    6     | Declaration

    7 $@1: %empty

    8 Line: CONST $@1 Declaration
    9     | Affectation
   10     | BlocIf
   11     | BlocWhile

   12 Type: INT
   13     | FLOAT
   14     | STRING

   15 Declaration: Type Declaration_liste_vars SEMICOLON

   16 Declaration_liste_vars: VAR Assignation SEPARATEUR Declaration_liste_vars
   17                       | VAR Assignation

   18 Affectation: VAR Assignation SEMICOLON

   19 Assignation: %empty
   20            | ASSIGN Expr
   21            | ASSIGN BlocIfTernaire

   22 $@2: %empty

   23 BlocFonction: Type VAR PARENTHESE_OUVRANTE Liste_params PARENTHESE_FERMANTE ACCOLADE_OUVRANTE $@2 Input ACCOLADE_FERMANTE

   24 AppelFonction: VAR PARENTHESE_OUVRANTE Liste_params PARENTHESE_FERMANTE SEMICOLON

   25 Liste_params: %empty
   26             | VAR
   27             | Liste_params SEPARATEUR VAR

   28 Operation: Expr
   29          | AppelFonction

   30 $@3: %empty

   31 $@4: %empty

   32 BlocIf: IF Expr ACCOLADE_OUVRANTE $@3 Input ACCOLADE_FERMANTE $@4 BlocElse

   33 BlocIfTernaire: Expr QUESTION_MARK Operation COLON Operation

   34 BlocElse: %empty

   35 $@5: %empty

   36 $@6: %empty

   37 BlocElse: ELSEIF Expr ACCOLADE_OUVRANTE $@5 Input ACCOLADE_FERMANTE $@6 BlocElse

   38 $@7: %empty

   39 BlocElse: ELSE ACCOLADE_OUVRANTE $@7 Input ACCOLADE_FERMANTE

   40 $@8: %empty

   41 BlocWhile: WHILE Expr ACCOLADE_OUVRANTE $@8 Input ACCOLADE_FERMANTE

   42 Expr: NOMBRE
   43     | FLOTTANT
   44     | TEXT
   45     | VAR
   46     | SUB Expr
   47     | Expr PLUS Expr
   48     | Expr SUB Expr
   49     | Expr MULT Expr
   50     | Expr DIV Expr
   51     | Expr POW Expr
   52     | Expr GREATER_EQUALS Expr
   53     | Expr LESS_EQUALS Expr
   54     | Expr LESS Expr
   55     | Expr GREATER Expr
   56     | Expr EQUALS Expr
   57     | PARENTHESE_OUVRANTE Expr PARENTHESE_FERMANTE


Terminaux, suivis des règles où ils apparaissent

$end (0) 0
error (256)
NOMBRE (258) 42
FLOTTANT (259) 43
TEXT (260) 44
PLUS (261) 47
SUB (262) 46 48
MULT (263) 49
DIV (264) 50
POW (265) 51
PARENTHESE_OUVRANTE (266) 23 24 57
PARENTHESE_FERMANTE (267) 23 24 57
ACCOLADE_OUVRANTE (268) 23 32 37 39 41
ACCOLADE_FERMANTE (269) 23 32 37 39 41
EQUALS (270) 56
LESS_EQUALS (271) 53
GREATER_EQUALS (272) 52
GREATER (273) 55
LESS (274) 54
SEMICOLON (275) 3 15 18 24
INT (276) 12
FLOAT (277) 13
STRING (278) 14
CONST (279) 8
VAR (280) 16 17 18 23 24 26 27 45
SEPARATEUR (281) 16 27
ASSIGN (282) 20 21
WHILE (283) 41
FOR (284)
IF (285) 32
ELSEIF (286) 37
ELSE (287) 39
QUESTION_MARK (288) 33
COLON (289) 33


Non-terminaux, suivis des règles où ils apparaissent

$accept (35)
    à gauche: 0
Input (36)
    à gauche: 1 2, à droite: 0 2 23 32 37 39 41
Line (37)
    à gauche: 3 4 5 6 8 9 10 11, à droite: 2
$@1 (38)
    à gauche: 7, à droite: 8
Type (39)
    à gauche: 12 13 14, à droite: 15 23
Declaration (40)
    à gauche: 15, à droite: 6 8
Declaration_liste_vars (41)
    à gauche: 16 17, à droite: 15 16
Affectation (42)
    à gauche: 18, à droite: 9
Assignation (43)
    à gauche: 19 20 21, à droite: 16 17 18
BlocFonction (44)
    à gauche: 23, à droite: 4
$@2 (45)
    à gauche: 22, à droite: 23
AppelFonction (46)
    à gauche: 24, à droite: 5 29
Liste_params (47)
    à gauche: 25 26 27, à droite: 23 24 27
Operation (48)
    à gauche: 28 29, à droite: 33
BlocIf (49)
    à gauche: 32, à droite: 10
$@3 (50)
    à gauche: 30, à droite: 32
$@4 (51)
    à gauche: 31, à droite: 32
BlocIfTernaire (52)
    à gauche: 33, à droite: 21
BlocElse (53)
    à gauche: 34 37 39, à droite: 32 37
$@5 (54)
    à gauche: 35, à droite: 37
$@6 (55)
    à gauche: 36, à droite: 37
$@7 (56)
    à gauche: 38, à droite: 39
BlocWhile (57)
    à gauche: 41, à droite: 11
$@8 (58)
    à gauche: 40, à droite: 41
Expr (59)
    à gauche: 42 43 44 45 46 47 48 49 50 51 52 53 54 55 56 57, à droite:
    20 28 32 33 37 41 46 47 48 49 50 51 52 53 54 55 56 57


État 0

    0 $accept: . Input $end

    $défaut  réduction par utilisation de la règle 1 (Input)

    Input  aller à l'état 1


État 1

    0 $accept: Input . $end
    2 Input: Input . Line

    $end       décalage et aller à l'état 2
    SEMICOLON  décalage et aller à l'état 3
    INT        décalage et aller à l'état 4
    FLOAT      décalage et aller à l'état 5
    STRING     décalage et aller à l'état 6
    CONST      décalage et aller à l'état 7
    VAR        décalage et aller à l'état 8
    WHILE      décalage et aller à l'état 9
    IF         décalage et aller à l'état 10

    Line           aller à l'état 11
    Type           aller à l'état 12
    Declaration    aller à l'état 13
    Affectation    aller à l'état 14
    BlocFonction   aller à l'état 15
    AppelFonction  aller à l'état 16
    BlocIf         aller à l'état 17
    BlocWhile      aller à l'état 18


État 2

    0 $accept: Input $end .

    $défaut  accepter


État 3

    3 Line: SEMICOLON .

    $défaut  réduction par utilisation de la règle 3 (Line)


État 4

   12 Type: INT .

    $défaut  réduction par utilisation de la règle 12 (Type)


État 5

   13 Type: FLOAT .

    $défaut  réduction par utilisation de la règle 13 (Type)


État 6

   14 Type: STRING .

    $défaut  réduction par utilisation de la règle 14 (Type)


État 7

    8 Line: CONST . $@1 Declaration

    $défaut  réduction par utilisation de la règle 7 ($@1)

    $@1  aller à l'état 19


État 8

   18 Affectation: VAR . Assignation SEMICOLON
   24 AppelFonction: VAR . PARENTHESE_OUVRANTE Liste_params PARENTHESE_FERMANTE SEMICOLON

    PARENTHESE_OUVRANTE  décalage et aller à l'état 20
    ASSIGN               décalage et aller à l'état 21

    $défaut  réduction par utilisation de la règle 19 (Assignation)

    Assignation  aller à l'état 22


État 9

   41 BlocWhile: WHILE . Expr ACCOLADE_OUVRANTE $@8 Input ACCOLADE_FERMANTE

    NOMBRE               décalage et aller à l'état 23
    FLOTTANT             décalage et aller à l'état 24
    TEXT                 décalage et aller à l'état 25
    SUB                  décalage et aller à l'état 26
    PARENTHESE_OUVRANTE  décalage et aller à l'état 27
    VAR                  décalage et aller à l'état 28

    Expr  aller à l'état 29


État 10

   32 BlocIf: IF . Expr ACCOLADE_OUVRANTE $@3 Input ACCOLADE_FERMANTE $@4 BlocElse

    NOMBRE               décalage et aller à l'état 23
    FLOTTANT             décalage et aller à l'état 24
    TEXT                 décalage et aller à l'état 25
    SUB                  décalage et aller à l'état 26
    PARENTHESE_OUVRANTE  décalage et aller à l'état 27
    VAR                  décalage et aller à l'état 28

    Expr  aller à l'état 30


État 11

    2 Input: Input Line .

    $défaut  réduction par utilisation de la règle 2 (Input)


État 12

   15 Declaration: Type . Declaration_liste_vars SEMICOLON
   23 BlocFonction: Type . VAR PARENTHESE_OUVRANTE Liste_params PARENTHESE_FERMANTE ACCOLADE_OUVRANTE $@2 Input ACCOLADE_FERMANTE

    VAR  décalage et aller à l'état 31

    Declaration_liste_vars  aller à l'état 32


État 13

    6 Line: Declaration .

    $défaut  réduction par utilisation de la règle 6 (Line)


État 14

    9 Line: Affectation .

    $défaut  réduction par utilisation de la règle 9 (Line)


État 15

    4 Line: BlocFonction .

    $défaut  réduction par utilisation de la règle 4 (Line)


État 16

    5 Line: AppelFonction .

    $défaut  réduction par utilisation de la règle 5 (Line)


État 17

   10 Line: BlocIf .

    $défaut  réduction par utilisation de la règle 10 (Line)


État 18

   11 Line: BlocWhile .

    $défaut  réduction par utilisation de la règle 11 (Line)


État 19

    8 Line: CONST $@1 . Declaration

    INT     décalage et aller à l'état 4
    FLOAT   décalage et aller à l'état 5
    STRING  décalage et aller à l'état 6

    Type         aller à l'état 33
    Declaration  aller à l'état 34


État 20

   24 AppelFonction: VAR PARENTHESE_OUVRANTE . Liste_params PARENTHESE_FERMANTE SEMICOLON

    VAR  décalage et aller à l'état 35

    $défaut  réduction par utilisation de la règle 25 (Liste_params)

    Liste_params  aller à l'état 36


État 21

   20 Assignation: ASSIGN . Expr
   21            | ASSIGN . BlocIfTernaire

    NOMBRE               décalage et aller à l'état 23
    FLOTTANT             décalage et aller à l'état 24
    TEXT                 décalage et aller à l'état 25
    SUB                  décalage et aller à l'état 26
    PARENTHESE_OUVRANTE  décalage et aller à l'état 27
    VAR                  décalage et aller à l'état 28

    BlocIfTernaire  aller à l'état 37
    Expr            aller à l'état 38


État 22

   18 Affectation: VAR Assignation . SEMICOLON

    SEMICOLON  décalage et aller à l'état 39


État 23

   42 Expr: NOMBRE .

    $défaut  réduction par utilisation de la règle 42 (Expr)


État 24

   43 Expr: FLOTTANT .

    $défaut  réduction par utilisation de la règle 43 (Expr)


État 25

   44 Expr: TEXT .

    $défaut  réduction par utilisation de la règle 44 (Expr)


État 26

   46 Expr: SUB . Expr

    NOMBRE               décalage et aller à l'état 23
    FLOTTANT             décalage et aller à l'état 24
    TEXT                 décalage et aller à l'état 25
    SUB                  décalage et aller à l'état 26
    PARENTHESE_OUVRANTE  décalage et aller à l'état 27
    VAR                  décalage et aller à l'état 28

    Expr  aller à l'état 40


État 27

   57 Expr: PARENTHESE_OUVRANTE . Expr PARENTHESE_FERMANTE

    NOMBRE               décalage et aller à l'état 23
    FLOTTANT             décalage et aller à l'état 24
    TEXT                 décalage et aller à l'état 25
    SUB                  décalage et aller à l'état 26
    PARENTHESE_OUVRANTE  décalage et aller à l'état 27
    VAR                  décalage et aller à l'état 28

    Expr  aller à l'état 41


État 28

   45 Expr: VAR .

    $défaut  réduction par utilisation de la règle 45 (Expr)


État 29

   41 BlocWhile: WHILE Expr . ACCOLADE_OUVRANTE $@8 Input ACCOLADE_FERMANTE
   47 Expr: Expr . PLUS Expr
   48     | Expr . SUB Expr
   49     | Expr . MULT Expr
   50     | Expr . DIV Expr
   51     | Expr . POW Expr
   52     | Expr . GREATER_EQUALS Expr
   53     | Expr . LESS_EQUALS Expr
   54     | Expr . LESS Expr
   55     | Expr . GREATER Expr
   56     | Expr . EQUALS Expr

    PLUS               décalage et aller à l'état 42
    SUB                décalage et aller à l'état 43
    MULT               décalage et aller à l'état 44
    DIV                décalage et aller à l'état 45
    POW                décalage et aller à l'état 46
    ACCOLADE_OUVRANTE  décalage et aller à l'état 47
    EQUALS             décalage et aller à l'état 48
    LESS_EQUALS        décalage et aller à l'état 49
    GREATER_EQUALS     décalage et aller à l'état 50
    GREATER            décalage et aller à l'état 51
    LESS               décalage et aller à l'état 52


État 30

   32 BlocIf: IF Expr . ACCOLADE_OUVRANTE $@3 Input ACCOLADE_FERMANTE $@4 BlocElse
   47 Expr: Expr . PLUS Expr
   48     | Expr . SUB Expr
   49     | Expr . MULT Expr
   50     | Expr . DIV Expr
   51     | Expr . POW Expr
   52     | Expr . GREATER_EQUALS Expr
   53     | Expr . LESS_EQUALS Expr
   54     | Expr . LESS Expr
   55     | Expr . GREATER Expr
   56     | Expr . EQUALS Expr

    PLUS               décalage et aller à l'état 42
    SUB                décalage et aller à l'état 43
    MULT               décalage et aller à l'état 44
    DIV                décalage et aller à l'état 45
    POW                décalage et aller à l'état 46
    ACCOLADE_OUVRANTE  décalage et aller à l'état 53
    EQUALS             décalage et aller à l'état 48
    LESS_EQUALS        décalage et aller à l'état 49
    GREATER_EQUALS     décalage et aller à l'état 50
    GREATER            décalage et aller à l'état 51
    LESS               décalage et aller à l'état 52


État 31

   16 Declaration_liste_vars: VAR . Assignation SEPARATEUR Declaration_liste_vars
   17                       | VAR . Assignation
   23 BlocFonction: Type VAR . PARENTHESE_OUVRANTE Liste_params PARENTHESE_FERMANTE ACCOLADE_OUVRANTE $@2 Input ACCOLADE_FERMANTE

    PARENTHESE_OUVRANTE  décalage et aller à l'état 54
    ASSIGN               décalage et aller à l'état 21

    $défaut  réduction par utilisation de la règle 19 (Assignation)

    Assignation  aller à l'état 55


État 32

   15 Declaration: Type Declaration_liste_vars . SEMICOLON

    SEMICOLON  décalage et aller à l'état 56


État 33

   15 Declaration: Type . Declaration_liste_vars SEMICOLON

    VAR  décalage et aller à l'état 57

    Declaration_liste_vars  aller à l'état 32


État 34

    8 Line: CONST $@1 Declaration .

    $défaut  réduction par utilisation de la règle 8 (Line)


État 35

   26 Liste_params: VAR .

    $défaut  réduction par utilisation de la règle 26 (Liste_params)


État 36

   24 AppelFonction: VAR PARENTHESE_OUVRANTE Liste_params . PARENTHESE_FERMANTE SEMICOLON
   27 Liste_params: Liste_params . SEPARATEUR VAR

    PARENTHESE_FERMANTE  décalage et aller à l'état 58
    SEPARATEUR           décalage et aller à l'état 59


État 37

   21 Assignation: ASSIGN BlocIfTernaire .

    $défaut  réduction par utilisation de la règle 21 (Assignation)


État 38

   20 Assignation: ASSIGN Expr .
   33 BlocIfTernaire: Expr . QUESTION_MARK Operation COLON Operation
   47 Expr: Expr . PLUS Expr
   48     | Expr . SUB Expr
   49     | Expr . MULT Expr
   50     | Expr . DIV Expr
   51     | Expr . POW Expr
   52     | Expr . GREATER_EQUALS Expr
   53     | Expr . LESS_EQUALS Expr
   54     | Expr . LESS Expr
   55     | Expr . GREATER Expr
   56     | Expr . EQUALS Expr

    PLUS            décalage et aller à l'état 42
    SUB             décalage et aller à l'état 43
    MULT            décalage et aller à l'état 44
    DIV             décalage et aller à l'état 45
    POW             décalage et aller à l'état 46
    EQUALS          décalage et aller à l'état 48
    LESS_EQUALS     décalage et aller à l'état 49
    GREATER_EQUALS  décalage et aller à l'état 50
    GREATER         décalage et aller à l'état 51
    LESS            décalage et aller à l'état 52
    QUESTION_MARK   décalage et aller à l'état 60

    $défaut  réduction par utilisation de la règle 20 (Assignation)


État 39

   18 Affectation: VAR Assignation SEMICOLON .

    $défaut  réduction par utilisation de la règle 18 (Affectation)


État 40

   46 Expr: SUB Expr .
   47     | Expr . PLUS Expr
   48     | Expr . SUB Expr
   49     | Expr . MULT Expr
   50     | Expr . DIV Expr
   51     | Expr . POW Expr
   52     | Expr . GREATER_EQUALS Expr
   53     | Expr . LESS_EQUALS Expr
   54     | Expr . LESS Expr
   55     | Expr . GREATER Expr
   56     | Expr . EQUALS Expr

    POW             décalage et aller à l'état 46
    EQUALS          décalage et aller à l'état 48
    LESS_EQUALS     décalage et aller à l'état 49
    GREATER_EQUALS  décalage et aller à l'état 50
    GREATER         décalage et aller à l'état 51
    LESS            décalage et aller à l'état 52

    $défaut  réduction par utilisation de la règle 46 (Expr)


État 41

   47 Expr: Expr . PLUS Expr
   48     | Expr . SUB Expr
   49     | Expr . MULT Expr
   50     | Expr . DIV Expr
   51     | Expr . POW Expr
   52     | Expr . GREATER_EQUALS Expr
   53     | Expr . LESS_EQUALS Expr
   54     | Expr . LESS Expr
   55     | Expr . GREATER Expr
   56     | Expr . EQUALS Expr
   57     | PARENTHESE_OUVRANTE Expr . PARENTHESE_FERMANTE

    PLUS                 décalage et aller à l'état 42
    SUB                  décalage et aller à l'état 43
    MULT                 décalage et aller à l'état 44
    DIV                  décalage et aller à l'état 45
    POW                  décalage et aller à l'état 46
    PARENTHESE_FERMANTE  décalage et aller à l'état 61
    EQUALS               décalage et aller à l'état 48
    LESS_EQUALS          décalage et aller à l'état 49
    GREATER_EQUALS       décalage et aller à l'état 50
    GREATER              décalage et aller à l'état 51
    LESS                 décalage et aller à l'état 52


État 42

   47 Expr: Expr PLUS . Expr

    NOMBRE               décalage et aller à l'état 23
    FLOTTANT             décalage et aller à l'état 24
    TEXT                 décalage et aller à l'état 25
    SUB                  décalage et aller à l'état 26
    PARENTHESE_OUVRANTE  décalage et aller à l'état 27
    VAR                  décalage et aller à l'état 28

    Expr  aller à l'état 62


État 43

   48 Expr: Expr SUB . Expr

    NOMBRE               décalage et aller à l'état 23
    FLOTTANT             décalage et aller à l'état 24
    TEXT                 décalage et aller à l'état 25
    SUB                  décalage et aller à l'état 26
    PARENTHESE_OUVRANTE  décalage et aller à l'état 27
    VAR                  décalage et aller à l'état 28

    Expr  aller à l'état 63


État 44

   49 Expr: Expr MULT . Expr

    NOMBRE               décalage et aller à l'état 23
    FLOTTANT             décalage et aller à l'état 24
    TEXT                 décalage et aller à l'état 25
    SUB                  décalage et aller à l'état 26
    PARENTHESE_OUVRANTE  décalage et aller à l'état 27
    VAR                  décalage et aller à l'état 28

    Expr  aller à l'état 64


État 45

   50 Expr: Expr DIV . Expr

    NOMBRE               décalage et aller à l'état 23
    FLOTTANT             décalage et aller à l'état 24
    TEXT                 décalage et aller à l'état 25
    SUB                  décalage et aller à l'état 26
    PARENTHESE_OUVRANTE  décalage et aller à l'état 27
    VAR                  décalage et aller à l'état 28

    Expr  aller à l'état 65


État 46

   51 Expr: Expr POW . Expr

    NOMBRE               décalage et aller à l'état 23
    FLOTTANT             décalage et aller à l'état 24
    TEXT                 décalage et aller à l'état 25
    SUB                  décalage et aller à l'état 26
    PARENTHESE_OUVRANTE  décalage et aller à l'état 27
    VAR                  décalage et aller à l'état 28

    Expr  aller à l'état 66


État 47

   41 BlocWhile: WHILE Expr ACCOLADE_OUVRANTE . $@8 Input ACCOLADE_FERMANTE

    $défaut  réduction par utilisation de la règle 40 ($@8)

    $@8  aller à l'état 67


État 48

   56 Expr: Expr EQUALS . Expr

    NOMBRE               décalage et aller à l'état 23
    FLOTTANT             décalage et aller à l'état 24
    TEXT                 décalage et aller à l'état 25
    SUB                  décalage et aller à l'état 26
    PARENTHESE_OUVRANTE  décalage et aller à l'état 27
    VAR                  décalage et aller à l'état 28

    Expr  aller à l'état 68


État 49

   53 Expr: Expr LESS_EQUALS . Expr

    NOMBRE               décalage et aller à l'état 23
    FLOTTANT             décalage et aller à l'état 24
    TEXT                 décalage et aller à l'état 25
    SUB                  décalage et aller à l'état 26
    PARENTHESE_OUVRANTE  décalage et aller à l'état 27
    VAR                  décalage et aller à l'état 28

    Expr  aller à l'état 69


État 50

   52 Expr: Expr GREATER_EQUALS . Expr

    NOMBRE               décalage et aller à l'état 23
    FLOTTANT             décalage et aller à l'état 24
    TEXT                 décalage et aller à l'état 25
    SUB                  décalage et aller à l'état 26
    PARENTHESE_OUVRANTE  décalage et aller à l'état 27
    VAR                  décalage et aller à l'état 28

    Expr  aller à l'état 70


État 51

   55 Expr: Expr GREATER . Expr

    NOMBRE               décalage et aller à l'état 23
    FLOTTANT             décalage et aller à l'état 24
    TEXT                 décalage et aller à l'état 25
    SUB                  décalage et aller à l'état 26
    PARENTHESE_OUVRANTE  décalage et aller à l'état 27
    VAR                  décalage et aller à l'état 28

    Expr  aller à l'état 71


État 52

   54 Expr: Expr LESS . Expr

    NOMBRE               décalage et aller à l'état 23
    FLOTTANT             décalage et aller à l'état 24
    TEXT                 décalage et aller à l'état 25
    SUB                  décalage et aller à l'état 26
    PARENTHESE_OUVRANTE  décalage et aller à l'état 27
    VAR                  décalage et aller à l'état 28

    Expr  aller à l'état 72


État 53

   32 BlocIf: IF Expr ACCOLADE_OUVRANTE . $@3 Input ACCOLADE_FERMANTE $@4 BlocElse

    $défaut  réduction par utilisation de la règle 30 ($@3)

    $@3  aller à l'état 73


État 54

   23 BlocFonction: Type VAR PARENTHESE_OUVRANTE . Liste_params PARENTHESE_FERMANTE ACCOLADE_OUVRANTE $@2 Input ACCOLADE_FERMANTE

    VAR  décalage et aller à l'état 35

    $défaut  réduction par utilisation de la règle 25 (Liste_params)

    Liste_params  aller à l'état 74


État 55

   16 Declaration_liste_vars: VAR Assignation . SEPARATEUR Declaration_liste_vars
   17                       | VAR Assignation .

    SEPARATEUR  décalage et aller à l'état 75

    $défaut  réduction par utilisation de la règle 17 (Declaration_liste_vars)


État 56

   15 Declaration: Type Declaration_liste_vars SEMICOLON .

    $défaut  réduction par utilisation de la règle 15 (Declaration)


État 57

   16 Declaration_liste_vars: VAR . Assignation SEPARATEUR Declaration_liste_vars
   17                       | VAR . Assignation

    ASSIGN  décalage et aller à l'état 21

    $défaut  réduction par utilisation de la règle 19 (Assignation)

    Assignation  aller à l'état 55


État 58

   24 AppelFonction: VAR PARENTHESE_OUVRANTE Liste_params PARENTHESE_FERMANTE . SEMICOLON

    SEMICOLON  décalage et aller à l'état 76


État 59

   27 Liste_params: Liste_params SEPARATEUR . VAR

    VAR  décalage et aller à l'état 77


État 60

   33 BlocIfTernaire: Expr QUESTION_MARK . Operation COLON Operation

    NOMBRE               décalage et aller à l'état 23
    FLOTTANT             décalage et aller à l'état 24
    TEXT                 décalage et aller à l'état 25
    SUB                  décalage et aller à l'état 26
    PARENTHESE_OUVRANTE  décalage et aller à l'état 27
    VAR                  décalage et aller à l'état 78

    AppelFonction  aller à l'état 79
    Operation      aller à l'état 80
    Expr           aller à l'état 81


État 61

   57 Expr: PARENTHESE_OUVRANTE Expr PARENTHESE_FERMANTE .

    $défaut  réduction par utilisation de la règle 57 (Expr)


État 62

   47 Expr: Expr . PLUS Expr
   47     | Expr PLUS Expr .
   48     | Expr . SUB Expr
   49     | Expr . MULT Expr
   50     | Expr . DIV Expr
   51     | Expr . POW Expr
   52     | Expr . GREATER_EQUALS Expr
   53     | Expr . LESS_EQUALS Expr
   54     | Expr . LESS Expr
   55     | Expr . GREATER Expr
   56     | Expr . EQUALS Expr

    MULT            décalage et aller à l'état 44
    DIV             décalage et aller à l'état 45
    POW             décalage et aller à l'état 46
    EQUALS          décalage et aller à l'état 48
    LESS_EQUALS     décalage et aller à l'état 49
    GREATER_EQUALS  décalage et aller à l'état 50
    GREATER         décalage et aller à l'état 51
    LESS            décalage et aller à l'état 52

    $défaut  réduction par utilisation de la règle 47 (Expr)


État 63

   47 Expr: Expr . PLUS Expr
   48     | Expr . SUB Expr
   48     | Expr SUB Expr .
   49     | Expr . MULT Expr
   50     | Expr . DIV Expr
   51     | Expr . POW Expr
   52     | Expr . GREATER_EQUALS Expr
   53     | Expr . LESS_EQUALS Expr
   54     | Expr . LESS Expr
   55     | Expr . GREATER Expr
   56     | Expr . EQUALS Expr

    MULT            décalage et aller à l'état 44
    DIV             décalage et aller à l'état 45
    POW             décalage et aller à l'état 46
    EQUALS          décalage et aller à l'état 48
    LESS_EQUALS     décalage et aller à l'état 49
    GREATER_EQUALS  décalage et aller à l'état 50
    GREATER         décalage et aller à l'état 51
    LESS            décalage et aller à l'état 52

    $défaut  réduction par utilisation de la règle 48 (Expr)


État 64

   47 Expr: Expr . PLUS Expr
   48     | Expr . SUB Expr
   49     | Expr . MULT Expr
   49     | Expr MULT Expr .
   50     | Expr . DIV Expr
   51     | Expr . POW Expr
   52     | Expr . GREATER_EQUALS Expr
   53     | Expr . LESS_EQUALS Expr
   54     | Expr . LESS Expr
   55     | Expr . GREATER Expr
   56     | Expr . EQUALS Expr

    POW             décalage et aller à l'état 46
    EQUALS          décalage et aller à l'état 48
    LESS_EQUALS     décalage et aller à l'état 49
    GREATER_EQUALS  décalage et aller à l'état 50
    GREATER         décalage et aller à l'état 51
    LESS            décalage et aller à l'état 52

    $défaut  réduction par utilisation de la règle 49 (Expr)


État 65

   47 Expr: Expr . PLUS Expr
   48     | Expr . SUB Expr
   49     | Expr . MULT Expr
   50     | Expr . DIV Expr
   50     | Expr DIV Expr .
   51     | Expr . POW Expr
   52     | Expr . GREATER_EQUALS Expr
   53     | Expr . LESS_EQUALS Expr
   54     | Expr . LESS Expr
   55     | Expr . GREATER Expr
   56     | Expr . EQUALS Expr

    POW             décalage et aller à l'état 46
    EQUALS          décalage et aller à l'état 48
    LESS_EQUALS     décalage et aller à l'état 49
    GREATER_EQUALS  décalage et aller à l'état 50
    GREATER         décalage et aller à l'état 51
    LESS            décalage et aller à l'état 52

    $défaut  réduction par utilisation de la règle 50 (Expr)


État 66

   47 Expr: Expr . PLUS Expr
   48     | Expr . SUB Expr
   49     | Expr . MULT Expr
   50     | Expr . DIV Expr
   51     | Expr . POW Expr
   51     | Expr POW Expr .
   52     | Expr . GREATER_EQUALS Expr
   53     | Expr . LESS_EQUALS Expr
   54     | Expr . LESS Expr
   55     | Expr . GREATER Expr
   56     | Expr . EQUALS Expr

    POW             décalage et aller à l'état 46
    EQUALS          décalage et aller à l'état 48
    LESS_EQUALS     décalage et aller à l'état 49
    GREATER_EQUALS  décalage et aller à l'état 50
    GREATER         décalage et aller à l'état 51
    LESS            décalage et aller à l'état 52

    $défaut  réduction par utilisation de la règle 51 (Expr)


État 67

   41 BlocWhile: WHILE Expr ACCOLADE_OUVRANTE $@8 . Input ACCOLADE_FERMANTE

    $défaut  réduction par utilisation de la règle 1 (Input)

    Input  aller à l'état 82


État 68

   47 Expr: Expr . PLUS Expr
   48     | Expr . SUB Expr
   49     | Expr . MULT Expr
   50     | Expr . DIV Expr
   51     | Expr . POW Expr
   52     | Expr . GREATER_EQUALS Expr
   53     | Expr . LESS_EQUALS Expr
   54     | Expr . LESS Expr
   55     | Expr . GREATER Expr
   56     | Expr . EQUALS Expr
   56     | Expr EQUALS Expr .

    EQUALS          décalage et aller à l'état 48
    LESS_EQUALS     décalage et aller à l'état 49
    GREATER_EQUALS  décalage et aller à l'état 50
    GREATER         décalage et aller à l'état 51
    LESS            décalage et aller à l'état 52

    $défaut  réduction par utilisation de la règle 56 (Expr)


État 69

   47 Expr: Expr . PLUS Expr
   48     | Expr . SUB Expr
   49     | Expr . MULT Expr
   50     | Expr . DIV Expr
   51     | Expr . POW Expr
   52     | Expr . GREATER_EQUALS Expr
   53     | Expr . LESS_EQUALS Expr
   53     | Expr LESS_EQUALS Expr .
   54     | Expr . LESS Expr
   55     | Expr . GREATER Expr
   56     | Expr . EQUALS Expr

    EQUALS          décalage et aller à l'état 48
    LESS_EQUALS     décalage et aller à l'état 49
    GREATER_EQUALS  décalage et aller à l'état 50
    GREATER         décalage et aller à l'état 51
    LESS            décalage et aller à l'état 52

    $défaut  réduction par utilisation de la règle 53 (Expr)


État 70

   47 Expr: Expr . PLUS Expr
   48     | Expr . SUB Expr
   49     | Expr . MULT Expr
   50     | Expr . DIV Expr
   51     | Expr . POW Expr
   52     | Expr . GREATER_EQUALS Expr
   52     | Expr GREATER_EQUALS Expr .
   53     | Expr . LESS_EQUALS Expr
   54     | Expr . LESS Expr
   55     | Expr . GREATER Expr
   56     | Expr . EQUALS Expr

    EQUALS          décalage et aller à l'état 48
    LESS_EQUALS     décalage et aller à l'état 49
    GREATER_EQUALS  décalage et aller à l'état 50
    GREATER         décalage et aller à l'état 51
    LESS            décalage et aller à l'état 52

    $défaut  réduction par utilisation de la règle 52 (Expr)


État 71

   47 Expr: Expr . PLUS Expr
   48     | Expr . SUB Expr
   49     | Expr . MULT Expr
   50     | Expr . DIV Expr
   51     | Expr . POW Expr
   52     | Expr . GREATER_EQUALS Expr
   53     | Expr . LESS_EQUALS Expr
   54     | Expr . LESS Expr
   55     | Expr . GREATER Expr
   55     | Expr GREATER Expr .
   56     | Expr . EQUALS Expr

    EQUALS          décalage et aller à l'état 48
    LESS_EQUALS     décalage et aller à l'état 49
    GREATER_EQUALS  décalage et aller à l'état 50
    GREATER         décalage et aller à l'état 51
    LESS            décalage et aller à l'état 52

    $défaut  réduction par utilisation de la règle 55 (Expr)


État 72

   47 Expr: Expr . PLUS Expr
   48     | Expr . SUB Expr
   49     | Expr . MULT Expr
   50     | Expr . DIV Expr
   51     | Expr . POW Expr
   52     | Expr . GREATER_EQUALS Expr
   53     | Expr . LESS_EQUALS Expr
   54     | Expr . LESS Expr
   54     | Expr LESS Expr .
   55     | Expr . GREATER Expr
   56     | Expr . EQUALS Expr

    EQUALS          décalage et aller à l'état 48
    LESS_EQUALS     décalage et aller à l'état 49
    GREATER_EQUALS  décalage et aller à l'état 50
    GREATER         décalage et aller à l'état 51
    LESS            décalage et aller à l'état 52

    $défaut  réduction par utilisation de la règle 54 (Expr)


État 73

   32 BlocIf: IF Expr ACCOLADE_OUVRANTE $@3 . Input ACCOLADE_FERMANTE $@4 BlocElse

    $défaut  réduction par utilisation de la règle 1 (Input)

    Input  aller à l'état 83


État 74

   23 BlocFonction: Type VAR PARENTHESE_OUVRANTE Liste_params . PARENTHESE_FERMANTE ACCOLADE_OUVRANTE $@2 Input ACCOLADE_FERMANTE
   27 Liste_params: Liste_params . SEPARATEUR VAR

    PARENTHESE_FERMANTE  décalage et aller à l'état 84
    SEPARATEUR           décalage et aller à l'état 59


État 75

   16 Declaration_liste_vars: VAR Assignation SEPARATEUR . Declaration_liste_vars

    VAR  décalage et aller à l'état 57

    Declaration_liste_vars  aller à l'état 85


État 76

   24 AppelFonction: VAR PARENTHESE_OUVRANTE Liste_params PARENTHESE_FERMANTE SEMICOLON .

    $défaut  réduction par utilisation de la règle 24 (AppelFonction)


État 77

   27 Liste_params: Liste_params SEPARATEUR VAR .

    $défaut  réduction par utilisation de la règle 27 (Liste_params)


État 78

   24 AppelFonction: VAR . PARENTHESE_OUVRANTE Liste_params PARENTHESE_FERMANTE SEMICOLON
   45 Expr: VAR .

    PARENTHESE_OUVRANTE  décalage et aller à l'état 20

    $défaut  réduction par utilisation de la règle 45 (Expr)


État 79

   29 Operation: AppelFonction .

    $défaut  réduction par utilisation de la règle 29 (Operation)


État 80

   33 BlocIfTernaire: Expr QUESTION_MARK Operation . COLON Operation

    COLON  décalage et aller à l'état 86


État 81

   28 Operation: Expr .
   47 Expr: Expr . PLUS Expr
   48     | Expr . SUB Expr
   49     | Expr . MULT Expr
   50     | Expr . DIV Expr
   51     | Expr . POW Expr
   52     | Expr . GREATER_EQUALS Expr
   53     | Expr . LESS_EQUALS Expr
   54     | Expr . LESS Expr
   55     | Expr . GREATER Expr
   56     | Expr . EQUALS Expr

    PLUS            décalage et aller à l'état 42
    SUB             décalage et aller à l'état 43
    MULT            décalage et aller à l'état 44
    DIV             décalage et aller à l'état 45
    POW             décalage et aller à l'état 46
    EQUALS          décalage et aller à l'état 48
    LESS_EQUALS     décalage et aller à l'état 49
    GREATER_EQUALS  décalage et aller à l'état 50
    GREATER         décalage et aller à l'état 51
    LESS            décalage et aller à l'état 52

    $défaut  réduction par utilisation de la règle 28 (Operation)


État 82

    2 Input: Input . Line
   41 BlocWhile: WHILE Expr ACCOLADE_OUVRANTE $@8 Input . ACCOLADE_FERMANTE

    ACCOLADE_FERMANTE  décalage et aller à l'état 87
    SEMICOLON          décalage et aller à l'état 3
    INT                décalage et aller à l'état 4
    FLOAT              décalage et aller à l'état 5
    STRING             décalage et aller à l'état 6
    CONST              décalage et aller à l'état 7
    VAR                décalage et aller à l'état 8
    WHILE              décalage et aller à l'état 9
    IF                 décalage et aller à l'état 10

    Line           aller à l'état 11
    Type           aller à l'état 12
    Declaration    aller à l'état 13
    Affectation    aller à l'état 14
    BlocFonction   aller à l'état 15
    AppelFonction  aller à l'état 16
    BlocIf         aller à l'état 17
    BlocWhile      aller à l'état 18


État 83

    2 Input: Input . Line
   32 BlocIf: IF Expr ACCOLADE_OUVRANTE $@3 Input . ACCOLADE_FERMANTE $@4 BlocElse

    ACCOLADE_FERMANTE  décalage et aller à l'état 88
    SEMICOLON          décalage et aller à l'état 3
    INT                décalage et aller à l'état 4
    FLOAT              décalage et aller à l'état 5
    STRING             décalage et aller à l'état 6
    CONST              décalage et aller à l'état 7
    VAR                décalage et aller à l'état 8
    WHILE              décalage et aller à l'état 9
    IF                 décalage et aller à l'état 10

    Line           aller à l'état 11
    Type           aller à l'état 12
    Declaration    aller à l'état 13
    Affectation    aller à l'état 14
    BlocFonction   aller à l'état 15
    AppelFonction  aller à l'état 16
    BlocIf         aller à l'état 17
    BlocWhile      aller à l'état 18


État 84

   23 BlocFonction: Type VAR PARENTHESE_OUVRANTE Liste_params PARENTHESE_FERMANTE . ACCOLADE_OUVRANTE $@2 Input ACCOLADE_FERMANTE

    ACCOLADE_OUVRANTE  décalage et aller à l'état 89


État 85

   16 Declaration_liste_vars: VAR Assignation SEPARATEUR Declaration_liste_vars .

    $défaut  réduction par utilisation de la règle 16 (Declaration_liste_vars)


État 86

   33 BlocIfTernaire: Expr QUESTION_MARK Operation COLON . Operation

    NOMBRE               décalage et aller à l'état 23
    FLOTTANT             décalage et aller à l'état 24
    TEXT                 décalage et aller à l'état 25
    SUB                  décalage et aller à l'état 26
    PARENTHESE_OUVRANTE  décalage et aller à l'état 27
    VAR                  décalage et aller à l'état 78

    AppelFonction  aller à l'état 79
    Operation      aller à l'état 90
    Expr           aller à l'état 81


État 87

   41 BlocWhile: WHILE Expr ACCOLADE_OUVRANTE $@8 Input ACCOLADE_FERMANTE .

    $défaut  réduction par utilisation de la règle 41 (BlocWhile)


État 88

   32 BlocIf: IF Expr ACCOLADE_OUVRANTE $@3 Input ACCOLADE_FERMANTE . $@4 BlocElse

    $défaut  réduction par utilisation de la règle 31 ($@4)

    $@4  aller à l'état 91


État 89

   23 BlocFonction: Type VAR PARENTHESE_OUVRANTE Liste_params PARENTHESE_FERMANTE ACCOLADE_OUVRANTE . $@2 Input ACCOLADE_FERMANTE

    $défaut  réduction par utilisation de la règle 22 ($@2)

    $@2  aller à l'état 92


État 90

   33 BlocIfTernaire: Expr QUESTION_MARK Operation COLON Operation .

    $défaut  réduction par utilisation de la règle 33 (BlocIfTernaire)


État 91

   32 BlocIf: IF Expr ACCOLADE_OUVRANTE $@3 Input ACCOLADE_FERMANTE $@4 . BlocElse

    ELSEIF  décalage et aller à l'état 93
    ELSE    décalage et aller à l'état 94

    $défaut  réduction par utilisation de la règle 34 (BlocElse)

    BlocElse  aller à l'état 95


État 92

   23 BlocFonction: Type VAR PARENTHESE_OUVRANTE Liste_params PARENTHESE_FERMANTE ACCOLADE_OUVRANTE $@2 . Input ACCOLADE_FERMANTE

    $défaut  réduction par utilisation de la règle 1 (Input)

    Input  aller à l'état 96


État 93

   37 BlocElse: ELSEIF . Expr ACCOLADE_OUVRANTE $@5 Input ACCOLADE_FERMANTE $@6 BlocElse

    NOMBRE               décalage et aller à l'état 23
    FLOTTANT             décalage et aller à l'état 24
    TEXT                 décalage et aller à l'état 25
    SUB                  décalage et aller à l'état 26
    PARENTHESE_OUVRANTE  décalage et aller à l'état 27
    VAR                  décalage et aller à l'état 28

    Expr  aller à l'état 97


État 94

   39 BlocElse: ELSE . ACCOLADE_OUVRANTE $@7 Input ACCOLADE_FERMANTE

    ACCOLADE_OUVRANTE  décalage et aller à l'état 98


État 95

   32 BlocIf: IF Expr ACCOLADE_OUVRANTE $@3 Input ACCOLADE_FERMANTE $@4 BlocElse .

    $défaut  réduction par utilisation de la règle 32 (BlocIf)


État 96

    2 Input: Input . Line
   23 BlocFonction: Type VAR PARENTHESE_OUVRANTE Liste_params PARENTHESE_FERMANTE ACCOLADE_OUVRANTE $@2 Input . ACCOLADE_FERMANTE

    ACCOLADE_FERMANTE  décalage et aller à l'état 99
    SEMICOLON          décalage et aller à l'état 3
    INT                décalage et aller à l'état 4
    FLOAT              décalage et aller à l'état 5
    STRING             décalage et aller à l'état 6
    CONST              décalage et aller à l'état 7
    VAR                décalage et aller à l'état 8
    WHILE              décalage et aller à l'état 9
    IF                 décalage et aller à l'état 10

    Line           aller à l'état 11
    Type           aller à l'état 12
    Declaration    aller à l'état 13
    Affectation    aller à l'état 14
    BlocFonction   aller à l'état 15
    AppelFonction  aller à l'état 16
    BlocIf         aller à l'état 17
    BlocWhile      aller à l'état 18


État 97

   37 BlocElse: ELSEIF Expr . ACCOLADE_OUVRANTE $@5 Input ACCOLADE_FERMANTE $@6 BlocElse
   47 Expr: Expr . PLUS Expr
   48     | Expr . SUB Expr
   49     | Expr . MULT Expr
   50     | Expr . DIV Expr
   51     | Expr . POW Expr
   52     | Expr . GREATER_EQUALS Expr
   53     | Expr . LESS_EQUALS Expr
   54     | Expr . LESS Expr
   55     | Expr . GREATER Expr
   56     | Expr . EQUALS Expr

    PLUS               décalage et aller à l'état 42
    SUB                décalage et aller à l'état 43
    MULT               décalage et aller à l'état 44
    DIV                décalage et aller à l'état 45
    POW                décalage et aller à l'état 46
    ACCOLADE_OUVRANTE  décalage et aller à l'état 100
    EQUALS             décalage et aller à l'état 48
    LESS_EQUALS        décalage et aller à l'état 49
    GREATER_EQUALS     décalage et aller à l'état 50
    GREATER            décalage et aller à l'état 51
    LESS               décalage et aller à l'état 52


État 98

   39 BlocElse: ELSE ACCOLADE_OUVRANTE . $@7 Input ACCOLADE_FERMANTE

    $défaut  réduction par utilisation de la règle 38 ($@7)

    $@7  aller à l'état 101


État 99

   23 BlocFonction: Type VAR PARENTHESE_OUVRANTE Liste_params PARENTHESE_FERMANTE ACCOLADE_OUVRANTE $@2 Input ACCOLADE_FERMANTE .

    $défaut  réduction par utilisation de la règle 23 (BlocFonction)


État 100

   37 BlocElse: ELSEIF Expr ACCOLADE_OUVRANTE . $@5 Input ACCOLADE_FERMANTE $@6 BlocElse

    $défaut  réduction par utilisation de la règle 35 ($@5)

    $@5  aller à l'état 102


État 101

   39 BlocElse: ELSE ACCOLADE_OUVRANTE $@7 . Input ACCOLADE_FERMANTE

    $défaut  réduction par utilisation de la règle 1 (Input)

    Input  aller à l'état 103


État 102

   37 BlocElse: ELSEIF Expr ACCOLADE_OUVRANTE $@5 . Input ACCOLADE_FERMANTE $@6 BlocElse

    $défaut  réduction par utilisation de la règle 1 (Input)

    Input  aller à l'état 104


État 103

    2 Input: Input . Line
   39 BlocElse: ELSE ACCOLADE_OUVRANTE $@7 Input . ACCOLADE_FERMANTE

    ACCOLADE_FERMANTE  décalage et aller à l'état 105
    SEMICOLON          décalage et aller à l'état 3
    INT                décalage et aller à l'état 4
    FLOAT              décalage et aller à l'état 5
    STRING             décalage et aller à l'état 6
    CONST              décalage et aller à l'état 7
    VAR                décalage et aller à l'état 8
    WHILE              décalage et aller à l'état 9
    IF                 décalage et aller à l'état 10

    Line           aller à l'état 11
    Type           aller à l'état 12
    Declaration    aller à l'état 13
    Affectation    aller à l'état 14
    BlocFonction   aller à l'état 15
    AppelFonction  aller à l'état 16
    BlocIf         aller à l'état 17
    BlocWhile      aller à l'état 18


État 104

    2 Input: Input . Line
   37 BlocElse: ELSEIF Expr ACCOLADE_OUVRANTE $@5 Input . ACCOLADE_FERMANTE $@6 BlocElse

    ACCOLADE_FERMANTE  décalage et aller à l'état 106
    SEMICOLON          décalage et aller à l'état 3
    INT                décalage et aller à l'état 4
    FLOAT              décalage et aller à l'état 5
    STRING             décalage et aller à l'état 6
    CONST              décalage et aller à l'état 7
    VAR                décalage et aller à l'état 8
    WHILE              décalage et aller à l'état 9
    IF                 décalage et aller à l'état 10

    Line           aller à l'état 11
    Type           aller à l'état 12
    Declaration    aller à l'état 13
    Affectation    aller à l'état 14
    BlocFonction   aller à l'état 15
    AppelFonction  aller à l'état 16
    BlocIf         aller à l'état 17
    BlocWhile      aller à l'état 18


État 105

   39 BlocElse: ELSE ACCOLADE_OUVRANTE $@7 Input ACCOLADE_FERMANTE .

    $défaut  réduction par utilisation de la règle 39 (BlocElse)


État 106

   37 BlocElse: ELSEIF Expr ACCOLADE_OUVRANTE $@5 Input ACCOLADE_FERMANTE . $@6 BlocElse

    $défaut  réduction par utilisation de la règle 36 ($@6)

    $@6  aller à l'état 107


État 107

   37 BlocElse: ELSEIF Expr ACCOLADE_OUVRANTE $@5 Input ACCOLADE_FERMANTE $@6 . BlocElse

    ELSEIF  décalage et aller à l'état 93
    ELSE    décalage et aller à l'état 94

    $défaut  réduction par utilisation de la règle 34 (BlocElse)

    BlocElse  aller à l'état 108


État 108

   37 BlocElse: ELSEIF Expr ACCOLADE_OUVRANTE $@5 Input ACCOLADE_FERMANTE $@6 BlocElse .

    $défaut  réduction par utilisation de la règle 37 (BlocElse)
